This is pdfTeX, Version 3.141592-1.40.4 (MiKTeX 2.7 Beta 5) (preloaded format=latex 2007.12.19)  10 MAY 2010 15:22
entering extended mode
**notes_bop.tex
(notes_bop.tex
LaTeX2e <2005/12/01>
Babel <v3.8h> and hyphenation patterns for english, dumylang, nohyphenation, ge
rman, ngerman, french, loaded.
("C:\Program Files\MiKTeX 2.7\tex\latex\base\article.cls"
Document Class: article 2005/09/16 v1.4f Standard LaTeX document class
("C:\Program Files\MiKTeX 2.7\tex\latex\base\size12.clo"
File: size12.clo 2005/09/16 v1.4f Standard LaTeX file (size option)
)
\c@part=\count79
\c@section=\count80
\c@subsection=\count81
\c@subsubsection=\count82
\c@paragraph=\count83
\c@subparagraph=\count84
\c@figure=\count85
\c@table=\count86
\abovecaptionskip=\skip41
\belowcaptionskip=\skip42
\bibindent=\dimen102
)
("C:\Program Files\MiKTeX 2.7\tex\latex\hyperref\hyperref.sty"
Package: hyperref 2007/11/17 v6.77f Hypertext links for LaTeX

("C:\Program Files\MiKTeX 2.7\tex\latex\graphics\keyval.sty"
Package: keyval 1999/03/16 v1.13 key=value parser (DPC)
\KV@toks@=\toks14
)
("C:\Program Files\MiKTeX 2.7\tex\latex\oberdiek\hycolor.sty"
Package: hycolor 2007/04/11 v1.1 Code for color options of hyperref/bookmark (H
O)
)
\@linkdim=\dimen103
\Hy@linkcounter=\count87
\Hy@pagecounter=\count88

("C:\Program Files\MiKTeX 2.7\tex\latex\hyperref\pd1enc.def"
File: pd1enc.def 2007/11/17 v6.77f Hyperref: PDFDocEncoding definition (HO)
)
("C:\Program Files\MiKTeX 2.7\tex\generic\oberdiek\etexcmds.sty"
Package: etexcmds 2007/09/09 v1.1 Prefix for e-TeX command names (HO)

("C:\Program Files\MiKTeX 2.7\tex\generic\oberdiek\infwarerr.sty"
Package: infwarerr 2007/09/09 v1.2 Providing info/warning/message (HO)
))
("C:\Program Files\MiKTeX 2.7\tex\latex\00miktex\hyperref.cfg"
File: hyperref.cfg 2002/06/06 v1.2 hyperref configuration of TeXLive
)
("C:\Program Files\MiKTeX 2.7\tex\latex\oberdiek\kvoptions.sty"
Package: kvoptions 2007/10/18 v3.0 Keyval support for LaTeX options (HO)
)
Package hyperref Info: Hyper figures OFF on input line 2699.
Package hyperref Info: Link nesting OFF on input line 2704.
Package hyperref Info: Hyper index ON on input line 2707.
Package hyperref Info: Plain pages OFF on input line 2714.
Package hyperref Info: Backreferencing OFF on input line 2719.

Implicit mode ON; LaTeX internals redefined
Package hyperref Info: Bookmarks ON on input line 2875.
("C:\Program Files\MiKTeX 2.7\tex\latex\ltxmisc\url.sty"
\Urlmuskip=\muskip10
Package: url 2005/06/27  ver 3.2  Verb mode for urls, etc.
)
LaTeX Info: Redefining \url on input line 3045.

("C:\Program Files\MiKTeX 2.7\tex\generic\oberdiek\bitset.sty"
Package: bitset 2007/09/28 v1.0 Data type bit set (HO)

("C:\Program Files\MiKTeX 2.7\tex\generic\oberdiek\intcalc.sty"
Package: intcalc 2007/09/27 v1.1 Expandable integer calculations (HO)
)
("C:\Program Files\MiKTeX 2.7\tex\generic\oberdiek\bigintcalc.sty"
Package: bigintcalc 2007/11/11 v1.1 Expandable big integer calculations (HO)

("C:\Program Files\MiKTeX 2.7\tex\generic\oberdiek\pdftexcmds.sty"
Package: pdftexcmds 2007/11/12 v0.2 LuaTeX support for pdfTeX utility functions
 (HO)
Package pdftexcmds Info: LuaTeX not detected on input line 136.
)))
("C:\Program Files\MiKTeX 2.7\tex\generic\oberdiek\kvsetkeys.sty"
Package: kvsetkeys 2007/09/29 v1.3 Key value parser with default handler suppor
t (HO)
)
\Fld@menulength=\count89
\Field@Width=\dimen104
\Fld@charsize=\dimen105
\Field@toks=\toks15
Package hyperref Info: Hyper figures OFF on input line 3926.
Package hyperref Info: Link nesting OFF on input line 3931.
Package hyperref Info: Hyper index ON on input line 3934.
Package hyperref Info: backreferencing OFF on input line 3941.
Package hyperref Info: Link coloring OFF on input line 3946.

("C:\Program Files\MiKTeX 2.7\tex\generic\oberdiek\atbegshi.sty"
Package: atbegshi 2007/09/09 v1.6 At begin shipout hook (HO)

("C:\Program Files\MiKTeX 2.7\tex\generic\oberdiek\ifpdf.sty"
Package: ifpdf 2007/09/09 v1.5 Provides the ifpdf switch (HO)
Package ifpdf Info: pdfTeX in pdf mode not detected.
))
\Hy@abspage=\count90
\c@Item=\count91
\c@Hfootnote=\count92
)
*hyperref using driver hypertex*
("C:\Program Files\MiKTeX 2.7\tex\latex\hyperref\hypertex.def"
File: hypertex.def 2007/11/17 v6.77f Hyperref driver for HyperTeX specials
)
Package hyperref Info: Option `colorlinks' set `true' on input line 4.

("C:\Program Files\MiKTeX 2.7\tex\latex\comment\comment.sty"
\CommentStream=\write3

Excluding comment 'comment') (GE05.sty
("C:\Program Files\MiKTeX 2.7\tex\latex\graphics\graphicx.sty"
Package: graphicx 1999/02/16 v1.0f Enhanced LaTeX Graphics (DPC,SPQR)

("C:\Program Files\MiKTeX 2.7\tex\latex\graphics\graphics.sty"
Package: graphics 2006/02/20 v1.0o Standard LaTeX Graphics (DPC,SPQR)

("C:\Program Files\MiKTeX 2.7\tex\latex\graphics\trig.sty"
Package: trig 1999/03/16 v1.09 sin cos tan (DPC)
)
("C:\Program Files\MiKTeX 2.7\tex\latex\00miktex\graphics.cfg"
File: graphics.cfg 2007/01/18 v1.5 graphics configuration of teTeX/TeXLive
)
Package graphics Info: Driver file: dvips.def on input line 90.

("C:\Program Files\MiKTeX 2.7\tex\latex\graphics\dvips.def"
File: dvips.def 1999/02/16 v3.0i Driver-dependant file (DPC,SPQR)
))
\Gin@req@height=\dimen106
\Gin@req@width=\dimen107
))
("C:\Program Files\MiKTeX 2.7\tex\latex\booktabs\booktabs.sty"
Package: booktabs 2005/04/14 v1.61803 publication quality tables
\heavyrulewidth=\dimen108
\lightrulewidth=\dimen109
\cmidrulewidth=\dimen110
\belowrulesep=\dimen111
\belowbottomsep=\dimen112
\aboverulesep=\dimen113
\abovetopsep=\dimen114
\cmidrulesep=\dimen115
\cmidrulekern=\dimen116
\defaultaddspace=\dimen117
\@cmidla=\count93
\@cmidlb=\count94
\@aboverulesep=\dimen118
\@belowrulesep=\dimen119
\@thisruleclass=\count95
\@lastruleclass=\count96
\@thisrulewidth=\dimen120
) (notes_bop.aux)
LaTeX Font Info:    Checking defaults for OML/cmm/m/it on input line 23.
LaTeX Font Info:    ... okay on input line 23.
LaTeX Font Info:    Checking defaults for T1/cmr/m/n on input line 23.
LaTeX Font Info:    ... okay on input line 23.
LaTeX Font Info:    Checking defaults for OT1/cmr/m/n on input line 23.
LaTeX Font Info:    ... okay on input line 23.
LaTeX Font Info:    Checking defaults for OMS/cmsy/m/n on input line 23.
LaTeX Font Info:    ... okay on input line 23.
LaTeX Font Info:    Checking defaults for OMX/cmex/m/n on input line 23.
LaTeX Font Info:    ... okay on input line 23.
LaTeX Font Info:    Checking defaults for U/cmr/m/n on input line 23.
LaTeX Font Info:    ... okay on input line 23.
LaTeX Font Info:    Checking defaults for PD1/pdf/m/n on input line 23.
LaTeX Font Info:    ... okay on input line 23.
("C:\Program Files\MiKTeX 2.7\tex\latex\graphics\color.sty"
Package: color 2005/11/14 v1.0j Standard LaTeX Color (DPC)

("C:\Program Files\MiKTeX 2.7\tex\latex\00miktex\color.cfg"
File: color.cfg 2007/01/18 v1.5 color configuration of teTeX/TeXLive
)
Package color Info: Driver file: dvips.def on input line 130.

("C:\Program Files\MiKTeX 2.7\tex\latex\graphics\dvipsnam.def"
File: dvipsnam.def 1999/02/16 v3.0i Driver-dependant file (DPC,SPQR)
))
Package hyperref Info: Link coloring ON on input line 23.

("C:\Program Files\MiKTeX 2.7\tex\latex\hyperref\nameref.sty"
Package: nameref 2007/05/29 v2.31 Cross-referencing by name of section

("C:\Program Files\MiKTeX 2.7\tex\latex\oberdiek\refcount.sty"
Package: refcount 2006/02/20 v3.0 Data extraction from references (HO)
)
\c@section@level=\count97
)
LaTeX Info: Redefining \ref on input line 23.
LaTeX Info: Redefining \pageref on input line 23.
\AtBeginShipoutBox=\box26
File: stern_logo3.eps Graphic file (type eps)

<stern_logo3.eps>
LaTeX Font Info:    External font `cmex10' loaded for size
(Font)              <12> on input line 74.
LaTeX Font Info:    External font `cmex10' loaded for size
(Font)              <8> on input line 74.
LaTeX Font Info:    External font `cmex10' loaded for size
(Font)              <6> on input line 74.
Missing character: There is no “ in font cmbx12!
Missing character: There is no ” in font cmbx12!
 [1

]
Overfull \vbox (16.66663pt too high) has occurred while \output is active []


[2]
Overfull \vbox (16.66663pt too high) has occurred while \output is active []


[3]
Overfull \vbox (16.66663pt too high) has occurred while \output is active []


[4]
Overfull \vbox (16.66663pt too high) has occurred while \output is active []


[5]
LaTeX Font Info:    Try loading font information for OMS+cmr on input line 395.

 ("C:\Program Files\MiKTeX 2.7\tex\latex\base\omscmr.fd"
File: omscmr.fd 1999/05/25 v2.5h Standard LaTeX font definitions
)
LaTeX Font Info:    Font shape `OMS/cmr/m/n' in size <12> not available
(Font)              Font shape `OMS/cmsy/m/n' tried instead on input line 395.

Overfull \vbox (16.66663pt too high) has occurred while \output is active []


[6]
Overfull \vbox (16.66663pt too high) has occurred while \output is active []


[7]
Overfull \vbox (16.66663pt too high) has occurred while \output is active []


[8]
Overfull \vbox (16.66663pt too high) has occurred while \output is active []


[9]
LaTeX Font Info:    Font shape `OMS/cmr/m/it' in size <12> not available
(Font)              Font shape `OMS/cmsy/m/n' tried instead on input line 635.

Overfull \vbox (16.66663pt too high) has occurred while \output is active []


[10] (notes_bop.aux) ) 
Here is how much of TeX's memory you used:
 3735 strings out of 95341
 53415 string characters out of 1184181
 110256 words of memory out of 1500000
 6904 multiletter control sequences out of 110000
 7635 words of font info for 27 fonts, out of 1200000 for 2000
 14 hyphenation exceptions out of 8191
 36i,9n,21p,277b,334s stack positions out of 5000i,500n,10000p,200000b,5000s

Output written on notes_bop.dvi (10 pages, 39016 bytes).
