This is pdfTeX, Version 3.141592-1.40.4 (MiKTeX 2.7 Beta 5) (preloaded format=latex 2007.12.19)  21 JAN 2009 10:18
entering extended mode
**notes_monmech.tex
(notes_monmech.tex
LaTeX2e <2005/12/01>
Babel <v3.8h> and hyphenation patterns for english, dumylang, nohyphenation, ge
rman, ngerman, french, loaded.
("C:\Program Files\MiKTeX 2.7\tex\latex\base\article.cls"
Document Class: article 2005/09/16 v1.4f Standard LaTeX document class
("C:\Program Files\MiKTeX 2.7\tex\latex\base\size12.clo"
File: size12.clo 2005/09/16 v1.4f Standard LaTeX file (size option)
)
\c@part=\count79
\c@section=\count80
\c@subsection=\count81
\c@subsubsection=\count82
\c@paragraph=\count83
\c@subparagraph=\count84
\c@figure=\count85
\c@table=\count86
\abovecaptionskip=\skip41
\belowcaptionskip=\skip42
\bibindent=\dimen102
)
("C:\Program Files\MiKTeX 2.7\tex\latex\amsmath\amsmath.sty"
Package: amsmath 2000/07/18 v2.13 AMS math features
\@mathmargin=\skip43

For additional information on amsmath, use the `?' option.
("C:\Program Files\MiKTeX 2.7\tex\latex\amsmath\amstext.sty"
Package: amstext 2000/06/29 v2.01

("C:\Program Files\MiKTeX 2.7\tex\latex\amsmath\amsgen.sty"
File: amsgen.sty 1999/11/30 v2.0
\@emptytoks=\toks14
\ex@=\dimen103
))
("C:\Program Files\MiKTeX 2.7\tex\latex\amsmath\amsbsy.sty"
Package: amsbsy 1999/11/29 v1.2d
\pmbraise@=\dimen104
)
("C:\Program Files\MiKTeX 2.7\tex\latex\amsmath\amsopn.sty"
Package: amsopn 1999/12/14 v2.01 operator names
)
\inf@bad=\count87
LaTeX Info: Redefining \frac on input line 211.
\uproot@=\count88
\leftroot@=\count89
LaTeX Info: Redefining \overline on input line 307.
\classnum@=\count90
\DOTSCASE@=\count91
LaTeX Info: Redefining \ldots on input line 379.
LaTeX Info: Redefining \dots on input line 382.
LaTeX Info: Redefining \cdots on input line 467.
\Mathstrutbox@=\box26
\strutbox@=\box27
\big@size=\dimen105
LaTeX Font Info:    Redeclaring font encoding OML on input line 567.
LaTeX Font Info:    Redeclaring font encoding OMS on input line 568.
\macc@depth=\count92
\c@MaxMatrixCols=\count93
\dotsspace@=\muskip10
\c@parentequation=\count94
\dspbrk@lvl=\count95
\tag@help=\toks15
\row@=\count96
\column@=\count97
\maxfields@=\count98
\andhelp@=\toks16
\eqnshift@=\dimen106
\alignsep@=\dimen107
\tagshift@=\dimen108
\tagwidth@=\dimen109
\totwidth@=\dimen110
\lineht@=\dimen111
\@envbody=\toks17
\multlinegap=\skip44
\multlinetaggap=\skip45
\mathdisplay@stack=\toks18
LaTeX Info: Redefining \[ on input line 2666.
LaTeX Info: Redefining \] on input line 2667.
)
("C:\Program Files\MiKTeX 2.7\tex\latex\graphics\graphicx.sty"
Package: graphicx 1999/02/16 v1.0f Enhanced LaTeX Graphics (DPC,SPQR)

("C:\Program Files\MiKTeX 2.7\tex\latex\graphics\keyval.sty"
Package: keyval 1999/03/16 v1.13 key=value parser (DPC)
\KV@toks@=\toks19
)
("C:\Program Files\MiKTeX 2.7\tex\latex\graphics\graphics.sty"
Package: graphics 2006/02/20 v1.0o Standard LaTeX Graphics (DPC,SPQR)

("C:\Program Files\MiKTeX 2.7\tex\latex\graphics\trig.sty"
Package: trig 1999/03/16 v1.09 sin cos tan (DPC)
)
("C:\Program Files\MiKTeX 2.7\tex\latex\00miktex\graphics.cfg"
File: graphics.cfg 2007/01/18 v1.5 graphics configuration of teTeX/TeXLive
)
Package graphics Info: Driver file: dvips.def on input line 90.

("C:\Program Files\MiKTeX 2.7\tex\latex\graphics\dvips.def"
File: dvips.def 1999/02/16 v3.0i Driver-dependant file (DPC,SPQR)
))
\Gin@req@height=\dimen112
\Gin@req@width=\dimen113
)
("C:\Program Files\MiKTeX 2.7\tex\latex\hyperref\hyperref.sty"
Package: hyperref 2007/11/17 v6.77f Hypertext links for LaTeX

("C:\Program Files\MiKTeX 2.7\tex\latex\oberdiek\hycolor.sty"
Package: hycolor 2007/04/11 v1.1 Code for color options of hyperref/bookmark (H
O)
)
\@linkdim=\dimen114
\Hy@linkcounter=\count99
\Hy@pagecounter=\count100

("C:\Program Files\MiKTeX 2.7\tex\latex\hyperref\pd1enc.def"
File: pd1enc.def 2007/11/17 v6.77f Hyperref: PDFDocEncoding definition (HO)
)
("C:\Program Files\MiKTeX 2.7\tex\generic\oberdiek\etexcmds.sty"
Package: etexcmds 2007/09/09 v1.1 Prefix for e-TeX command names (HO)

("C:\Program Files\MiKTeX 2.7\tex\generic\oberdiek\infwarerr.sty"
Package: infwarerr 2007/09/09 v1.2 Providing info/warning/message (HO)
))
("C:\Program Files\MiKTeX 2.7\tex\latex\00miktex\hyperref.cfg"
File: hyperref.cfg 2002/06/06 v1.2 hyperref configuration of TeXLive
)
("C:\Program Files\MiKTeX 2.7\tex\latex\oberdiek\kvoptions.sty"
Package: kvoptions 2007/10/18 v3.0 Keyval support for LaTeX options (HO)
)
Package hyperref Info: Hyper figures OFF on input line 2699.
Package hyperref Info: Link nesting OFF on input line 2704.
Package hyperref Info: Hyper index ON on input line 2707.
Package hyperref Info: Plain pages OFF on input line 2714.
Package hyperref Info: Backreferencing OFF on input line 2719.

Implicit mode ON; LaTeX internals redefined
Package hyperref Info: Bookmarks ON on input line 2875.
("C:\Program Files\MiKTeX 2.7\tex\latex\ltxmisc\url.sty"
\Urlmuskip=\muskip11
Package: url 2005/06/27  ver 3.2  Verb mode for urls, etc.
)
LaTeX Info: Redefining \url on input line 3045.

("C:\Program Files\MiKTeX 2.7\tex\generic\oberdiek\bitset.sty"
Package: bitset 2007/09/28 v1.0 Data type bit set (HO)

("C:\Program Files\MiKTeX 2.7\tex\generic\oberdiek\intcalc.sty"
Package: intcalc 2007/09/27 v1.1 Expandable integer calculations (HO)
)
("C:\Program Files\MiKTeX 2.7\tex\generic\oberdiek\bigintcalc.sty"
Package: bigintcalc 2007/11/11 v1.1 Expandable big integer calculations (HO)

("C:\Program Files\MiKTeX 2.7\tex\generic\oberdiek\pdftexcmds.sty"
Package: pdftexcmds 2007/11/12 v0.2 LuaTeX support for pdfTeX utility functions
 (HO)
Package pdftexcmds Info: LuaTeX not detected on input line 136.
)))
("C:\Program Files\MiKTeX 2.7\tex\generic\oberdiek\kvsetkeys.sty"
Package: kvsetkeys 2007/09/29 v1.3 Key value parser with default handler suppor
t (HO)
)
\Fld@menulength=\count101
\Field@Width=\dimen115
\Fld@charsize=\dimen116
\Field@toks=\toks20
Package hyperref Info: Hyper figures OFF on input line 3926.
Package hyperref Info: Link nesting OFF on input line 3931.
Package hyperref Info: Hyper index ON on input line 3934.
Package hyperref Info: backreferencing OFF on input line 3941.
Package hyperref Info: Link coloring OFF on input line 3946.

("C:\Program Files\MiKTeX 2.7\tex\generic\oberdiek\atbegshi.sty"
Package: atbegshi 2007/09/09 v1.6 At begin shipout hook (HO)

("C:\Program Files\MiKTeX 2.7\tex\generic\oberdiek\ifpdf.sty"
Package: ifpdf 2007/09/09 v1.5 Provides the ifpdf switch (HO)
Package ifpdf Info: pdfTeX in pdf mode not detected.
))
\Hy@abspage=\count102
\c@Item=\count103
\c@Hfootnote=\count104
)
*hyperref using default driver hdvips*
("C:\Program Files\MiKTeX 2.7\tex\latex\hyperref\hdvips.def"
File: hdvips.def 2007/11/17 v6.77f Hyperref driver for dvips

("C:\Program Files\MiKTeX 2.7\tex\latex\hyperref\pdfmark.def"
File: pdfmark.def 2007/11/17 v6.77f Hyperref definitions for pdfmark specials
\pdf@docset=\toks21
\pdf@box=\box28
\pdf@toks=\toks22
\pdf@defaulttoks=\toks23
\Fld@listcount=\count105
)) (GE05.sty)
(notes_monmech.aux)
LaTeX Font Info:    Checking defaults for OML/cmm/m/it on input line 26.
LaTeX Font Info:    ... okay on input line 26.
LaTeX Font Info:    Checking defaults for T1/cmr/m/n on input line 26.
LaTeX Font Info:    ... okay on input line 26.
LaTeX Font Info:    Checking defaults for OT1/cmr/m/n on input line 26.
LaTeX Font Info:    ... okay on input line 26.
LaTeX Font Info:    Checking defaults for OMS/cmsy/m/n on input line 26.
LaTeX Font Info:    ... okay on input line 26.
LaTeX Font Info:    Checking defaults for OMX/cmex/m/n on input line 26.
LaTeX Font Info:    ... okay on input line 26.
LaTeX Font Info:    Checking defaults for U/cmr/m/n on input line 26.
LaTeX Font Info:    ... okay on input line 26.
LaTeX Font Info:    Checking defaults for PD1/pdf/m/n on input line 26.
LaTeX Font Info:    ... okay on input line 26.
Package hyperref Info: Link coloring OFF on input line 26.
 ("C:\Program Files\MiKTeX 2.7\tex\latex\hyperref\nameref.sty"
Package: nameref 2007/05/29 v2.31 Cross-referencing by name of section
 ("C:\Program Files\MiKTeX 2.7\tex\latex\oberdiek\refcount.sty"
Package: refcount 2006/02/20 v3.0 Data extraction from references (HO)
)
\c@section@level=\count106
)
LaTeX Info: Redefining \ref on input line 26.
LaTeX Info: Redefining \pageref on input line 26.

(notes_monmech.out) (notes_monmech.out)
\@outlinefile=\write3
\AtBeginShipoutBox=\box29
File: stern_logo3.eps Graphic file (type eps)
 <stern_logo3.eps> [1

]
Overfull \vbox (16.66663pt too high) has occurred while \output is active []


[2]
Overfull \vbox (16.66663pt too high) has occurred while \output is active []


[3]
Overfull \vbox (16.66663pt too high) has occurred while \output is active []


[4]
Overfull \vbox (16.66663pt too high) has occurred while \output is active []


[5]
Overfull \vbox (16.66663pt too high) has occurred while \output is active []


[6]
Overfull \vbox (16.66663pt too high) has occurred while \output is active []


[7]
Overfull \vbox (16.66663pt too high) has occurred while \output is active []


[8]
Overfull \vbox (16.66663pt too high) has occurred while \output is active []


[9]
LaTeX Font Info:    Try loading font information for OMS+cmr on input line 494.

 ("C:\Program Files\MiKTeX 2.7\tex\latex\base\omscmr.fd"
File: omscmr.fd 1999/05/25 v2.5h Standard LaTeX font definitions
)
LaTeX Font Info:    Font shape `OMS/cmr/m/n' in size <12> not available
(Font)              Font shape `OMS/cmsy/m/n' tried instead on input line 494.
LaTeX Font Info:    Font shape `OMS/cmr/m/it' in size <12> not available
(Font)              Font shape `OMS/cmsy/m/n' tried instead on input line 504.

Overfull \vbox (16.66663pt too high) has occurred while \output is active []


[10] (notes_monmech.aux) ) 
Here is how much of TeX's memory you used:
 4191 strings out of 95341
 57672 string characters out of 1184181
 129011 words of memory out of 1500000
 7347 multiletter control sequences out of 110000
 8915 words of font info for 32 fonts, out of 1200000 for 2000
 14 hyphenation exceptions out of 8191
 36i,8n,36p,242b,348s stack positions out of 5000i,500n,10000p,200000b,5000s

Output written on notes_monmech.dvi (10 pages, 45252 bytes).
