This is TeX, Version 3.141592 (MiKTeX 2.4) (preloaded format=latex 2006.6.6)  15 DEC 2006 15:12
**notes_taxes_new.tex
(notes_taxes_new.tex
LaTeX2e <2005/12/01>
Babel <v3.8g> and hyphenation patterns for english, french, german, ngerman, du
mylang, nohyphenation, loaded.
(C:\Program Files\tex\latex\base\article.cls
Document Class: article 2005/09/16 v1.4f Standard LaTeX document class
(C:\Program Files\tex\latex\base\size12.clo
File: size12.clo 2005/09/16 v1.4f Standard LaTeX file (size option)
)
\c@part=\count79
\c@section=\count80
\c@subsection=\count81
\c@subsubsection=\count82
\c@paragraph=\count83
\c@subparagraph=\count84
\c@figure=\count85
\c@table=\count86
\abovecaptionskip=\skip41
\belowcaptionskip=\skip42
\bibindent=\dimen102
)
(C:\Program Files\tex\latex\comment\comment.sty
\CommentStream=\write3
 Excluding comment 'comment')
(GE05.sty (C:\Program Files\tex\latex\graphics\graphicx.sty
Package: graphicx 1999/02/16 v1.0f Enhanced LaTeX Graphics (DPC,SPQR)

(C:\Program Files\tex\latex\graphics\keyval.sty
Package: keyval 1999/03/16 v1.13 key=value parser (DPC)
\KV@toks@=\toks14
)
(C:\Program Files\tex\latex\graphics\graphics.sty
Package: graphics 2006/02/20 v1.0o Standard LaTeX Graphics (DPC,SPQR)

(C:\Program Files\tex\latex\graphics\trig.sty
Package: trig 1999/03/16 v1.09 sin cos tan (DPC)
)
(C:\Program Files\tex\latex\00miktex\graphics.cfg
File: graphics.cfg 2005/12/29 v1.2 MiKTeX 'graphics' configuration
)
Package graphics Info: Driver file: dvips.def on input line 90.

(C:\Program Files\tex\latex\graphics\dvips.def
File: dvips.def 1999/02/16 v3.0i Driver-dependant file (DPC,SPQR)
))
\Gin@req@height=\dimen103
\Gin@req@width=\dimen104
)) (notes_taxes_new.aux)
LaTeX Font Info:    Checking defaults for OML/cmm/m/it on input line 14.
LaTeX Font Info:    ... okay on input line 14.
LaTeX Font Info:    Checking defaults for T1/cmr/m/n on input line 14.
LaTeX Font Info:    ... okay on input line 14.
LaTeX Font Info:    Checking defaults for OT1/cmr/m/n on input line 14.
LaTeX Font Info:    ... okay on input line 14.
LaTeX Font Info:    Checking defaults for OMS/cmsy/m/n on input line 14.
LaTeX Font Info:    ... okay on input line 14.
LaTeX Font Info:    Checking defaults for OMX/cmex/m/n on input line 14.
LaTeX Font Info:    ... okay on input line 14.
LaTeX Font Info:    Checking defaults for U/cmr/m/n on input line 14.
LaTeX Font Info:    ... okay on input line 14.
File: stern_logo3.eps Graphic file (type eps)

<stern_logo3.eps>
LaTeX Font Info:    External font `cmex10' loaded for size
(Font)              <12> on input line 65.
LaTeX Font Info:    External font `cmex10' loaded for size
(Font)              <8> on input line 65.
LaTeX Font Info:    External font `cmex10' loaded for size
(Font)              <6> on input line 65.


LaTeX Warning: `!h' float specifier changed to `!ht'.

[1

]
Overfull \vbox (14.2pt too high) has occurred while \output is active []

 [2]
Overfull \vbox (14.2pt too high) has occurred while \output is active []

 [3]
Overfull \vbox (14.2pt too high) has occurred while \output is active []

 [4]
Overfull \vbox (14.2pt too high) has occurred while \output is active []

 [5]
Overfull \vbox (14.2pt too high) has occurred while \output is active []

 [6]
Overfull \vbox (14.2pt too high) has occurred while \output is active []

 [7]
Overfull \vbox (14.2pt too high) has occurred while \output is active []

 [8]
Overfull \vbox (14.2pt too high) has occurred while \output is active []

 [9]
LaTeX Font Info:    Try loading font information for OMS+cmr on input line 773.


(C:\Program Files\tex\latex\base\omscmr.fd
File: omscmr.fd 1999/05/25 v2.5h Standard LaTeX font definitions
)
LaTeX Font Info:    Font shape `OMS/cmr/m/it' in size <12> not available
(Font)              Font shape `OMS/cmsy/m/n' tried instead on input line 773.
LaTeX Font Info:    Font shape `OMS/cmr/m/n' in size <12> not available
(Font)              Font shape `OMS/cmsy/m/n' tried instead on input line 773.

Overfull \vbox (14.2pt too high) has occurred while \output is active []

 [10]
(notes_taxes_new.aux) ) 
Here is how much of TeX's memory you used:
 666 strings out of 95991
 7245 string characters out of 1196339
 60247 words of memory out of 1057285
 3665 multiletter control sequences out of 60000
 7635 words of font info for 27 fonts, out of 1000000 for 2000
 14 hyphenation exceptions out of 4999
 32i,8n,21p,432b,346s stack positions out of 5000i,500n,10000p,200000b,32768s

Output written on notes_taxes_new.dvi (10 pages, 45824 bytes).
